[21:04:32] [Server thread/INFO]: Starting minecraft server version 1.7.2
[21:04:32] [Server thread/INFO]: Loading properties
[21:04:32] [Server thread/INFO]: Default game type: SURVIVAL
[21:04:32] [Server thread/INFO]: Generating keypair
[21:04:32] [Server thread/INFO]: Starting Minecraft server on 25.163.97.222:25565
[21:04:33] [Server thread/INFO]: This server is running CraftBukkit version git-Bukkit-1.7.2-R0.3-b3020jnks (MC: 1.7.2) (Implementing API version 1.7.2-R0.3)
[21:04:33] [Server thread/INFO]: [LevelHearts] Loading LevelHearts v1.2.0
[21:04:33] [Server thread/INFO]: [SlotLock] Loading SlotLock v2.0
[21:04:33] [Server thread/INFO]: [BKCommonLib] Loading BKCommonLib v1.57
[21:04:33] [Server thread/INFO]: [PermissionsEx] Loading PermissionsEx v1.21.3
[21:04:33] [Server thread/INFO]: [NoLagg] Loading NoLagg v1.90.4
[21:04:33] [Server thread/INFO]: [BKCommonLib] Enabling BKCommonLib v1.57
[21:04:33] [Server thread/INFO]: [BKCommonLib] BKCommonLib is running on CraftBukkit (git-Bukkit-1.7.2-R0.3-b3020jnks) : v1_7_R1 (Minecraft 1.7.2)
[21:04:33] [Server thread/INFO]: [BKCommonLib] [Network] Now using a PlayerConnection hook to provide Packet Listener and Monitor support
[21:04:33] [Server thread/INFO]: [BKCommonLib] Reflection can open the way to everyone's heart, including CraftBukkit.
[21:04:33] [Server thread/INFO]: BKCommonLib version 1.57 enabled! (0.055s)
[21:04:33] [Server thread/INFO]: Preparing level "world"
[21:04:33] [Server thread/INFO]: Preparing start region for level 0 (Seed: 4693898451620475377)
[21:04:33] [Thread-7/INFO]: ----- Bukkit Auto Updater -----
[21:04:33] [Thread-7/INFO]: It appears that you're running a Beta Build, when you've specified in bukkit.yml that you prefer to run Recommended Builds.
[21:04:33] [Thread-7/INFO]: If you would like to be kept informed about new Beta Build releases, it is recommended that you change 'preferred-channel' in your bukkit.yml to 'beta'.
[21:04:33] [Thread-7/INFO]: With that set, you will be told whenever a new version is available for download, so that you can always keep up to date and secure with the latest fixes.
[21:04:33] [Thread-7/INFO]: If you would like to disable this warning, simply set 'suggest-channels' to false in bukkit.yml.
[21:04:33] [Thread-7/INFO]: ----- ------------------- -----
[21:04:34] [Server thread/INFO]: Preparing start region for level 1 (Seed: -7263888012061124272)
[21:04:34] [Server thread/INFO]: Preparing start region for level 2 (Seed: -7263888012061124272)
[21:04:34] [Server thread/INFO]: [LevelHearts] Enabling LevelHearts v1.2.0
[21:04:34] [Server thread/INFO]: [LevelHearts] Enabled successfully.
[21:04:34] [Server thread/INFO]: [SlotLock] Enabling SlotLock v2.0
[21:04:34] [Server thread/INFO]: [PermissionsEx] Enabling PermissionsEx v1.21.3
[21:04:34] [Server thread/INFO]: [PermissionsEx] Initializing file backend
[21:04:34] [Server thread/INFO]: [PermissionsEx] Permissions file successfully reloaded
[21:04:34] [Server thread/INFO]: [NoLagg] Enabling NoLagg v1.90.4
[21:04:34] [Server thread/INFO]: [NoLagg Saving] will write world data to all region files every 12000 ticks (10.0 minutes)
[21:04:34] [Server thread/INFO]: NoLagg version 1.90.4 enabled! (0.124s)
[21:04:34] [Server thread/INFO]: Server permissions file permissions.yml is empty, ignoring it
[21:04:35] [Server thread/INFO]: Done (1.428s)! For help, type "help" or "?"
[21:04:35] [Thread-10/WARN]: [PermissionsEx] An update to PermissionsEx version 1.22.1 is available to download from http://dev.bukkit.org/bukkit-plugins/permissionsex/. Please review the changes and update as soon as possible!
[21:04:40] [User Authenticator #1/INFO]: UUID of player thudog77 is 1242482dc50e44fa9556fe1d25921ed7
[21:04:40] [Server thread/INFO]: thudog77[/25.163.97.222:56797] logged in with entity id 361 at ([world] 265.5857643696533, 69.0, 158.38536908044782)
[21:04:40] [Server thread/ERROR]: Could not pass event PlayerJoinEvent to SlotLock v2.0
org.bukkit.event.EventException
	at org.bukkit.plugin.java.JavaPluginLoader$1.execute(JavaPluginLoader.java:320) ~[craftbukkit.jar:git-Bukkit-1.7.2-R0.3-b3020jnks]
	at org.bukkit.plugin.RegisteredListener.callEvent(RegisteredListener.java:62) ~[craftbukkit.jar:git-Bukkit-1.7.2-R0.3-b3020jnks]
	at org.bukkit.plugin.SimplePluginManager.fireEvent(SimplePluginManager.java:486) [craftbukkit.jar:git-Bukkit-1.7.2-R0.3-b3020jnks]
	at org.bukkit.plugin.SimplePluginManager.callEvent(SimplePluginManager.java:471) [craftbukkit.jar:git-Bukkit-1.7.2-R0.3-b3020jnks]
	at net.minecraft.server.v1_7_R1.PlayerList.c(PlayerList.java:225) [craftbukkit.jar:git-Bukkit-1.7.2-R0.3-b3020jnks]
	at net.minecraft.server.v1_7_R1.PlayerList.a(PlayerList.java:116) [craftbukkit.jar:git-Bukkit-1.7.2-R0.3-b3020jnks]
	at net.minecraft.server.v1_7_R1.LoginListener.c(LoginListener.java:78) [craftbukkit.jar:git-Bukkit-1.7.2-R0.3-b3020jnks]
	at net.minecraft.server.v1_7_R1.LoginListener.a(LoginListener.java:42) [craftbukkit.jar:git-Bukkit-1.7.2-R0.3-b3020jnks]
	at net.minecraft.server.v1_7_R1.NetworkManager.a(NetworkManager.java:149) [craftbukkit.jar:git-Bukkit-1.7.2-R0.3-b3020jnks]
	at net.minecraft.server.v1_7_R1.ServerConnection.c(SourceFile:134) [craftbukkit.jar:git-Bukkit-1.7.2-R0.3-b3020jnks]
	at net.minecraft.server.v1_7_R1.MinecraftServer.u(MinecraftServer.java:655) [craftbukkit.jar:git-Bukkit-1.7.2-R0.3-b3020jnks]
	at net.minecraft.server.v1_7_R1.DedicatedServer.u(DedicatedServer.java:250) [craftbukkit.jar:git-Bukkit-1.7.2-R0.3-b3020jnks]
	at net.minecraft.server.v1_7_R1.MinecraftServer.t(MinecraftServer.java:545) [craftbukkit.jar:git-Bukkit-1.7.2-R0.3-b3020jnks]
	at net.minecraft.server.v1_7_R1.MinecraftServer.run(MinecraftServer.java:457) [craftbukkit.jar:git-Bukkit-1.7.2-R0.3-b3020jnks]
	at net.minecraft.server.v1_7_R1.ThreadServerApplication.run(SourceFile:617) [craftbukkit.jar:git-Bukkit-1.7.2-R0.3-b3020jnks]
Caused by: java.lang.NullPointerException
	at org.bukkit.ChatColor.translateAlternateColorCodes(ChatColor.java:206) ~[craftbukkit.jar:git-Bukkit-1.7.2-R0.3-b3020jnks]
	at io.hotmail.com.jacob_vejvoda.slot_lock.slot_lock.writeBook(slot_lock.java:350) ~[?:?]
	at io.hotmail.com.jacob_vejvoda.slot_lock.slot_lock.setItems(slot_lock.java:675) ~[?:?]
	at io.hotmail.com.jacob_vejvoda.slot_lock.slot_lock.onPlayerJoin(slot_lock.java:307) ~[?:?]
	at sun.reflect.NativeMethodAccessorImpl.invoke0(Native Method) ~[?:1.7.0_51]
	at sun.reflect.NativeMethodAccessorImpl.invoke(Unknown Source) ~[?:1.7.0_51]
	at sun.reflect.DelegatingMethodAccessorImpl.invoke(Unknown Source) ~[?:1.7.0_51]
	at java.lang.reflect.Method.invoke(Unknown Source) ~[?:1.7.0_51]
	at org.bukkit.plugin.java.JavaPluginLoader$1.execute(JavaPluginLoader.java:318) ~[craftbukkit.jar:git-Bukkit-1.7.2-R0.3-b3020jnks]
	... 14 more
[21:04:40] [Server thread/ERROR]: Could not pass event PlayerTeleportEvent to SlotLock v2.0
org.bukkit.event.EventException
	at org.bukkit.plugin.java.JavaPluginLoader$1.execute(JavaPluginLoader.java:320) ~[craftbukkit.jar:git-Bukkit-1.7.2-R0.3-b3020jnks]
	at org.bukkit.plugin.RegisteredListener.callEvent(RegisteredListener.java:62) ~[craftbukkit.jar:git-Bukkit-1.7.2-R0.3-b3020jnks]
	at org.bukkit.plugin.SimplePluginManager.fireEvent(SimplePluginManager.java:486) [craftbukkit.jar:git-Bukkit-1.7.2-R0.3-b3020jnks]
	at org.bukkit.plugin.SimplePluginManager.callEvent(SimplePluginManager.java:471) [craftbukkit.jar:git-Bukkit-1.7.2-R0.3-b3020jnks]
	at net.minecraft.server.v1_7_R1.PlayerConnection.a(PlayerConnection.java:430) [craftbukkit.jar:git-Bukkit-1.7.2-R0.3-b3020jnks]
	at net.minecraft.server.v1_7_R1.PlayerList.a(PlayerList.java:117) [craftbukkit.jar:git-Bukkit-1.7.2-R0.3-b3020jnks]
	at net.minecraft.server.v1_7_R1.LoginListener.c(LoginListener.java:78) [craftbukkit.jar:git-Bukkit-1.7.2-R0.3-b3020jnks]
	at net.minecraft.server.v1_7_R1.LoginListener.a(LoginListener.java:42) [craftbukkit.jar:git-Bukkit-1.7.2-R0.3-b3020jnks]
	at net.minecraft.server.v1_7_R1.NetworkManager.a(NetworkManager.java:149) [craftbukkit.jar:git-Bukkit-1.7.2-R0.3-b3020jnks]
	at net.minecraft.server.v1_7_R1.ServerConnection.c(SourceFile:134) [craftbukkit.jar:git-Bukkit-1.7.2-R0.3-b3020jnks]
	at net.minecraft.server.v1_7_R1.MinecraftServer.u(MinecraftServer.java:655) [craftbukkit.jar:git-Bukkit-1.7.2-R0.3-b3020jnks]
	at net.minecraft.server.v1_7_R1.DedicatedServer.u(DedicatedServer.java:250) [craftbukkit.jar:git-Bukkit-1.7.2-R0.3-b3020jnks]
	at net.minecraft.server.v1_7_R1.MinecraftServer.t(MinecraftServer.java:545) [craftbukkit.jar:git-Bukkit-1.7.2-R0.3-b3020jnks]
	at net.minecraft.server.v1_7_R1.MinecraftServer.run(MinecraftServer.java:457) [craftbukkit.jar:git-Bukkit-1.7.2-R0.3-b3020jnks]
	at net.minecraft.server.v1_7_R1.ThreadServerApplication.run(SourceFile:617) [craftbukkit.jar:git-Bukkit-1.7.2-R0.3-b3020jnks]
Caused by: java.lang.NullPointerException
	at org.bukkit.ChatColor.translateAlternateColorCodes(ChatColor.java:206) ~[craftbukkit.jar:git-Bukkit-1.7.2-R0.3-b3020jnks]
	at io.hotmail.com.jacob_vejvoda.slot_lock.slot_lock.writeBook(slot_lock.java:350) ~[?:?]
	at io.hotmail.com.jacob_vejvoda.slot_lock.slot_lock.setItems(slot_lock.java:675) ~[?:?]
	at io.hotmail.com.jacob_vejvoda.slot_lock.slot_lock.onPlayerTeleport(slot_lock.java:333) ~[?:?]
	at sun.reflect.NativeMethodAccessorImpl.invoke0(Native Method) ~[?:1.7.0_51]
	at sun.reflect.NativeMethodAccessorImpl.invoke(Unknown Source) ~[?:1.7.0_51]
	at sun.reflect.DelegatingMethodAccessorImpl.invoke(Unknown Source) ~[?:1.7.0_51]
	at java.lang.reflect.Method.invoke(Unknown Source) ~[?:1.7.0_51]
	at org.bukkit.plugin.java.JavaPluginLoader$1.execute(JavaPluginLoader.java:318) ~[craftbukkit.jar:git-Bukkit-1.7.2-R0.3-b3020jnks]
	... 14 more
[21:04:40] [Server thread/ERROR]: Could not pass event PlayerTeleportEvent to SlotLock v2.0
org.bukkit.event.EventException
	at org.bukkit.plugin.java.JavaPluginLoader$1.execute(JavaPluginLoader.java:320) ~[craftbukkit.jar:git-Bukkit-1.7.2-R0.3-b3020jnks]
	at org.bukkit.plugin.RegisteredListener.callEvent(RegisteredListener.java:62) ~[craftbukkit.jar:git-Bukkit-1.7.2-R0.3-b3020jnks]
	at org.bukkit.plugin.SimplePluginManager.fireEvent(SimplePluginManager.java:486) [craftbukkit.jar:git-Bukkit-1.7.2-R0.3-b3020jnks]
	at org.bukkit.plugin.SimplePluginManager.callEvent(SimplePluginManager.java:471) [craftbukkit.jar:git-Bukkit-1.7.2-R0.3-b3020jnks]
	at net.minecraft.server.v1_7_R1.PlayerConnection.a(PlayerConnection.java:430) [craftbukkit.jar:git-Bukkit-1.7.2-R0.3-b3020jnks]
	at net.minecraft.server.v1_7_R1.PlayerConnection.a(PlayerConnection.java:396) [craftbukkit.jar:git-Bukkit-1.7.2-R0.3-b3020jnks]
	at com.bergerkiller.bukkit.common.internal.network.CommonPacketHandler$CommonPlayerConnection.a(CommonPacketHandler.java:280) [BKCommonLib-1.57.jar:?]
	at net.minecraft.server.v1_7_R1.PacketPlayInFlying.a(SourceFile:137) [craftbukkit.jar:git-Bukkit-1.7.2-R0.3-b3020jnks]
	at net.minecraft.server.v1_7_R1.PacketPlayInPosition.handle(SourceFile:63) [craftbukkit.jar:git-Bukkit-1.7.2-R0.3-b3020jnks]
	at net.minecraft.server.v1_7_R1.NetworkManager.a(NetworkManager.java:146) [craftbukkit.jar:git-Bukkit-1.7.2-R0.3-b3020jnks]
	at net.minecraft.server.v1_7_R1.ServerConnection.c(SourceFile:134) [craftbukkit.jar:git-Bukkit-1.7.2-R0.3-b3020jnks]
	at net.minecraft.server.v1_7_R1.MinecraftServer.u(MinecraftServer.java:655) [craftbukkit.jar:git-Bukkit-1.7.2-R0.3-b3020jnks]
	at net.minecraft.server.v1_7_R1.DedicatedServer.u(DedicatedServer.java:250) [craftbukkit.jar:git-Bukkit-1.7.2-R0.3-b3020jnks]
	at net.minecraft.server.v1_7_R1.MinecraftServer.t(MinecraftServer.java:545) [craftbukkit.jar:git-Bukkit-1.7.2-R0.3-b3020jnks]
	at net.minecraft.server.v1_7_R1.MinecraftServer.run(MinecraftServer.java:457) [craftbukkit.jar:git-Bukkit-1.7.2-R0.3-b3020jnks]
	at net.minecraft.server.v1_7_R1.ThreadServerApplication.run(SourceFile:617) [craftbukkit.jar:git-Bukkit-1.7.2-R0.3-b3020jnks]
Caused by: java.lang.NullPointerException
	at org.bukkit.ChatColor.translateAlternateColorCodes(ChatColor.java:206) ~[craftbukkit.jar:git-Bukkit-1.7.2-R0.3-b3020jnks]
	at io.hotmail.com.jacob_vejvoda.slot_lock.slot_lock.writeBook(slot_lock.java:350) ~[?:?]
	at io.hotmail.com.jacob_vejvoda.slot_lock.slot_lock.setItems(slot_lock.java:675) ~[?:?]
	at io.hotmail.com.jacob_vejvoda.slot_lock.slot_lock.onPlayerTeleport(slot_lock.java:333) ~[?:?]
	at sun.reflect.NativeMethodAccessorImpl.invoke0(Native Method) ~[?:1.7.0_51]
	at sun.reflect.NativeMethodAccessorImpl.invoke(Unknown Source) ~[?:1.7.0_51]
	at sun.reflect.DelegatingMethodAccessorImpl.invoke(Unknown Source) ~[?:1.7.0_51]
	at java.lang.reflect.Method.invoke(Unknown Source) ~[?:1.7.0_51]
	at org.bukkit.plugin.java.JavaPluginLoader$1.execute(JavaPluginLoader.java:318) ~[craftbukkit.jar:git-Bukkit-1.7.2-R0.3-b3020jnks]
	... 15 more
[21:04:40] [Server thread/ERROR]: Could not pass event PlayerTeleportEvent to SlotLock v2.0
org.bukkit.event.EventException
	at org.bukkit.plugin.java.JavaPluginLoader$1.execute(JavaPluginLoader.java:320) ~[craftbukkit.jar:git-Bukkit-1.7.2-R0.3-b3020jnks]
	at org.bukkit.plugin.RegisteredListener.callEvent(RegisteredListener.java:62) ~[craftbukkit.jar:git-Bukkit-1.7.2-R0.3-b3020jnks]
	at org.bukkit.plugin.SimplePluginManager.fireEvent(SimplePluginManager.java:486) [craftbukkit.jar:git-Bukkit-1.7.2-R0.3-b3020jnks]
	at org.bukkit.plugin.SimplePluginManager.callEvent(SimplePluginManager.java:471) [craftbukkit.jar:git-Bukkit-1.7.2-R0.3-b3020jnks]
	at net.minecraft.server.v1_7_R1.PlayerConnection.a(PlayerConnection.java:430) [craftbukkit.jar:git-Bukkit-1.7.2-R0.3-b3020jnks]
	at net.minecraft.server.v1_7_R1.PlayerConnection.a(PlayerConnection.java:396) [craftbukkit.jar:git-Bukkit-1.7.2-R0.3-b3020jnks]
	at com.bergerkiller.bukkit.common.internal.network.CommonPacketHandler$CommonPlayerConnection.a(CommonPacketHandler.java:280) [BKCommonLib-1.57.jar:?]
	at net.minecraft.server.v1_7_R1.PacketPlayInFlying.a(SourceFile:137) [craftbukkit.jar:git-Bukkit-1.7.2-R0.3-b3020jnks]
	at net.minecraft.server.v1_7_R1.PacketPlayInPosition.handle(SourceFile:63) [craftbukkit.jar:git-Bukkit-1.7.2-R0.3-b3020jnks]
	at net.minecraft.server.v1_7_R1.NetworkManager.a(NetworkManager.java:146) [craftbukkit.jar:git-Bukkit-1.7.2-R0.3-b3020jnks]
	at net.minecraft.server.v1_7_R1.ServerConnection.c(SourceFile:134) [craftbukkit.jar:git-Bukkit-1.7.2-R0.3-b3020jnks]
	at net.minecraft.server.v1_7_R1.MinecraftServer.u(MinecraftServer.java:655) [craftbukkit.jar:git-Bukkit-1.7.2-R0.3-b3020jnks]
	at net.minecraft.server.v1_7_R1.DedicatedServer.u(DedicatedServer.java:250) [craftbukkit.jar:git-Bukkit-1.7.2-R0.3-b3020jnks]
	at net.minecraft.server.v1_7_R1.MinecraftServer.t(MinecraftServer.java:545) [craftbukkit.jar:git-Bukkit-1.7.2-R0.3-b3020jnks]
	at net.minecraft.server.v1_7_R1.MinecraftServer.run(MinecraftServer.java:457) [craftbukkit.jar:git-Bukkit-1.7.2-R0.3-b3020jnks]
	at net.minecraft.server.v1_7_R1.ThreadServerApplication.run(SourceFile:617) [craftbukkit.jar:git-Bukkit-1.7.2-R0.3-b3020jnks]
Caused by: java.lang.NullPointerException
	at org.bukkit.ChatColor.translateAlternateColorCodes(ChatColor.java:206) ~[craftbukkit.jar:git-Bukkit-1.7.2-R0.3-b3020jnks]
	at io.hotmail.com.jacob_vejvoda.slot_lock.slot_lock.writeBook(slot_lock.java:350) ~[?:?]
	at io.hotmail.com.jacob_vejvoda.slot_lock.slot_lock.setItems(slot_lock.java:675) ~[?:?]
	at io.hotmail.com.jacob_vejvoda.slot_lock.slot_lock.onPlayerTeleport(slot_lock.java:333) ~[?:?]
	at sun.reflect.NativeMethodAccessorImpl.invoke0(Native Method) ~[?:1.7.0_51]
	at sun.reflect.NativeMethodAccessorImpl.invoke(Unknown Source) ~[?:1.7.0_51]
	at sun.reflect.DelegatingMethodAccessorImpl.invoke(Unknown Source) ~[?:1.7.0_51]
	at java.lang.reflect.Method.invoke(Unknown Source) ~[?:1.7.0_51]
	at org.bukkit.plugin.java.JavaPluginLoader$1.execute(JavaPluginLoader.java:318) ~[craftbukkit.jar:git-Bukkit-1.7.2-R0.3-b3020jnks]
	... 15 more
[21:04:44] [Server thread/WARN]: [SlotLock] Task #22 for SlotLock v2.0 generated an exception
java.lang.NullPointerException
	at org.bukkit.ChatColor.translateAlternateColorCodes(ChatColor.java:206) ~[craftbukkit.jar:git-Bukkit-1.7.2-R0.3-b3020jnks]
	at io.hotmail.com.jacob_vejvoda.slot_lock.slot_lock.writeBook(slot_lock.java:350) ~[?:?]
	at io.hotmail.com.jacob_vejvoda.slot_lock.slot_lock.setItems(slot_lock.java:675) ~[?:?]
	at io.hotmail.com.jacob_vejvoda.slot_lock.slot_lock$6.run(slot_lock.java:197) ~[?:?]
	at org.bukkit.craftbukkit.v1_7_R1.scheduler.CraftTask.run(CraftTask.java:53) ~[craftbukkit.jar:git-Bukkit-1.7.2-R0.3-b3020jnks]
	at org.bukkit.craftbukkit.v1_7_R1.scheduler.CraftScheduler.mainThreadHeartbeat(CraftScheduler.java:345) [craftbukkit.jar:git-Bukkit-1.7.2-R0.3-b3020jnks]
	at net.minecraft.server.v1_7_R1.MinecraftServer.u(MinecraftServer.java:587) [craftbukkit.jar:git-Bukkit-1.7.2-R0.3-b3020jnks]
	at net.minecraft.server.v1_7_R1.DedicatedServer.u(DedicatedServer.java:250) [craftbukkit.jar:git-Bukkit-1.7.2-R0.3-b3020jnks]
	at net.minecraft.server.v1_7_R1.MinecraftServer.t(MinecraftServer.java:545) [craftbukkit.jar:git-Bukkit-1.7.2-R0.3-b3020jnks]
	at net.minecraft.server.v1_7_R1.MinecraftServer.run(MinecraftServer.java:457) [craftbukkit.jar:git-Bukkit-1.7.2-R0.3-b3020jnks]
	at net.minecraft.server.v1_7_R1.ThreadServerApplication.run(SourceFile:617) [craftbukkit.jar:git-Bukkit-1.7.2-R0.3-b3020jnks]
[21:04:45] [Server thread/WARN]: [SlotLock] Task #23 for SlotLock v2.0 generated an exception
java.lang.NullPointerException
	at org.bukkit.ChatColor.translateAlternateColorCodes(ChatColor.java:206) ~[craftbukkit.jar:git-Bukkit-1.7.2-R0.3-b3020jnks]
	at io.hotmail.com.jacob_vejvoda.slot_lock.slot_lock.writeBook(slot_lock.java:350) ~[?:?]
	at io.hotmail.com.jacob_vejvoda.slot_lock.slot_lock.setItems(slot_lock.java:675) ~[?:?]
	at io.hotmail.com.jacob_vejvoda.slot_lock.slot_lock$6.run(slot_lock.java:197) ~[?:?]
	at org.bukkit.craftbukkit.v1_7_R1.scheduler.CraftTask.run(CraftTask.java:53) ~[craftbukkit.jar:git-Bukkit-1.7.2-R0.3-b3020jnks]
	at org.bukkit.craftbukkit.v1_7_R1.scheduler.CraftScheduler.mainThreadHeartbeat(CraftScheduler.java:345) [craftbukkit.jar:git-Bukkit-1.7.2-R0.3-b3020jnks]
	at net.minecraft.server.v1_7_R1.MinecraftServer.u(MinecraftServer.java:587) [craftbukkit.jar:git-Bukkit-1.7.2-R0.3-b3020jnks]
	at net.minecraft.server.v1_7_R1.DedicatedServer.u(DedicatedServer.java:250) [craftbukkit.jar:git-Bukkit-1.7.2-R0.3-b3020jnks]
	at net.minecraft.server.v1_7_R1.MinecraftServer.t(MinecraftServer.java:545) [craftbukkit.jar:git-Bukkit-1.7.2-R0.3-b3020jnks]
	at net.minecraft.server.v1_7_R1.MinecraftServer.run(MinecraftServer.java:457) [craftbukkit.jar:git-Bukkit-1.7.2-R0.3-b3020jnks]
	at net.minecraft.server.v1_7_R1.ThreadServerApplication.run(SourceFile:617) [craftbukkit.jar:git-Bukkit-1.7.2-R0.3-b3020jnks]
[21:04:45] [Server thread/WARN]: [SlotLock] Task #24 for SlotLock v2.0 generated an exception
java.lang.NullPointerException
	at org.bukkit.ChatColor.translateAlternateColorCodes(ChatColor.java:206) ~[craftbukkit.jar:git-Bukkit-1.7.2-R0.3-b3020jnks]
	at io.hotmail.com.jacob_vejvoda.slot_lock.slot_lock.writeBook(slot_lock.java:350) ~[?:?]
	at io.hotmail.com.jacob_vejvoda.slot_lock.slot_lock.setItems(slot_lock.java:675) ~[?:?]
	at io.hotmail.com.jacob_vejvoda.slot_lock.slot_lock$6.run(slot_lock.java:197) ~[?:?]
	at org.bukkit.craftbukkit.v1_7_R1.scheduler.CraftTask.run(CraftTask.java:53) ~[craftbukkit.jar:git-Bukkit-1.7.2-R0.3-b3020jnks]
	at org.bukkit.craftbukkit.v1_7_R1.scheduler.CraftScheduler.mainThreadHeartbeat(CraftScheduler.java:345) [craftbukkit.jar:git-Bukkit-1.7.2-R0.3-b3020jnks]
	at net.minecraft.server.v1_7_R1.MinecraftServer.u(MinecraftServer.java:587) [craftbukkit.jar:git-Bukkit-1.7.2-R0.3-b3020jnks]
	at net.minecraft.server.v1_7_R1.DedicatedServer.u(DedicatedServer.java:250) [craftbukkit.jar:git-Bukkit-1.7.2-R0.3-b3020jnks]
	at net.minecraft.server.v1_7_R1.MinecraftServer.t(MinecraftServer.java:545) [craftbukkit.jar:git-Bukkit-1.7.2-R0.3-b3020jnks]
	at net.minecraft.server.v1_7_R1.MinecraftServer.run(MinecraftServer.java:457) [craftbukkit.jar:git-Bukkit-1.7.2-R0.3-b3020jnks]
	at net.minecraft.server.v1_7_R1.ThreadServerApplication.run(SourceFile:617) [craftbukkit.jar:git-Bukkit-1.7.2-R0.3-b3020jnks]
[21:04:46] [Server thread/WARN]: [SlotLock] Task #25 for SlotLock v2.0 generated an exception
java.lang.NullPointerException
	at org.bukkit.ChatColor.translateAlternateColorCodes(ChatColor.java:206) ~[craftbukkit.jar:git-Bukkit-1.7.2-R0.3-b3020jnks]
	at io.hotmail.com.jacob_vejvoda.slot_lock.slot_lock.writeBook(slot_lock.java:350) ~[?:?]
	at io.hotmail.com.jacob_vejvoda.slot_lock.slot_lock.setItems(slot_lock.java:675) ~[?:?]
	at io.hotmail.com.jacob_vejvoda.slot_lock.slot_lock$6.run(slot_lock.java:197) ~[?:?]
	at org.bukkit.craftbukkit.v1_7_R1.scheduler.CraftTask.run(CraftTask.java:53) ~[craftbukkit.jar:git-Bukkit-1.7.2-R0.3-b3020jnks]
	at org.bukkit.craftbukkit.v1_7_R1.scheduler.CraftScheduler.mainThreadHeartbeat(CraftScheduler.java:345) [craftbukkit.jar:git-Bukkit-1.7.2-R0.3-b3020jnks]
	at net.minecraft.server.v1_7_R1.MinecraftServer.u(MinecraftServer.java:587) [craftbukkit.jar:git-Bukkit-1.7.2-R0.3-b3020jnks]
	at net.minecraft.server.v1_7_R1.DedicatedServer.u(DedicatedServer.java:250) [craftbukkit.jar:git-Bukkit-1.7.2-R0.3-b3020jnks]
	at net.minecraft.server.v1_7_R1.MinecraftServer.t(MinecraftServer.java:545) [craftbukkit.jar:git-Bukkit-1.7.2-R0.3-b3020jnks]
	at net.minecraft.server.v1_7_R1.MinecraftServer.run(MinecraftServer.java:457) [craftbukkit.jar:git-Bukkit-1.7.2-R0.3-b3020jnks]
	at net.minecraft.server.v1_7_R1.ThreadServerApplication.run(SourceFile:617) [craftbukkit.jar:git-Bukkit-1.7.2-R0.3-b3020jnks]
[21:04:54] [Server thread/INFO]: CONSOLE: Stopping the server..[m
[21:04:54] [Server thread/INFO]: Stopping server
[21:04:54] [Server thread/INFO]: [NoLagg] Disabling NoLagg v1.90.4
[21:04:54] [Server thread/INFO]: NoLagg disabled!
[21:04:54] [Server thread/INFO]: [PermissionsEx] Disabling PermissionsEx v1.21.3
[21:04:54] [Server thread/INFO]: [BKCommonLib] Disabling BKCommonLib v1.57
[21:04:54] [Server thread/INFO]: [SlotLock] Disabling SlotLock v2.0
[21:04:54] [Server thread/INFO]: [LevelHearts] Disabling LevelHearts v1.2.0
[21:04:54] [Server thread/INFO]: [LevelHearts] Disabled successfully.
[21:04:54] [Server thread/INFO]: Saving players
[21:04:54] [Server thread/INFO]: thudog77 lost connection: Server closed
[21:04:54] [Server thread/INFO]: thudog77 left the game.
[21:04:54] [Server thread/INFO]: Saving worlds
[21:04:54] [Server thread/INFO]: Saving chunks for level 'world'/Overworld
[21:04:55] [Server thread/INFO]: Saving chunks for level 'world_nether'/Nether
[21:04:55] [Server thread/INFO]: Saving chunks for level 'world_the_end'/The End
[21:04:55] [Thread-4/INFO]: Stopping server
[21:04:55] [Thread-4/INFO]: Saving players
[21:04:55] [Thread-4/INFO]: Saving worlds
[21:04:55] [Thread-4/INFO]: Saving chunks for level 'world'/Overworld
