[22:45:20] [Server thread/INFO]: Starting minecraft server version 1.7.10
[22:45:20] [Server thread/INFO]: Loading properties
[22:45:20] [Server thread/INFO]: Default game type: SURVIVAL
[22:45:21] [Server thread/INFO]: This server is running CraftBukkit version git-Spigot-1646 (MC: 1.7.10) (Implementing API version 1.7.10-R0.1-SNAPSHOT)
[22:45:21] [Server thread/INFO]: Debug logging is disabled
[22:45:21] [Server thread/INFO]: Using 4 threads for Netty based IO
[22:45:21] [Server thread/INFO]: Server Ping Player Sample Count: 12
[22:45:21] [Server thread/INFO]: Generating keypair
[22:45:21] [Server thread/INFO]: Starting Minecraft server on *:25565
[22:45:21] [Server thread/INFO]: Set PluginClassLoader as parallel capable
[22:45:21] [Server thread/INFO]: [LoreLocks] Loading LoreLocks v2.2.2.3
[22:45:21] [Server thread/INFO]: [RandomBox] Loading RandomBox v1.6
[22:45:21] [Server thread/INFO]: [BedHome] Loading BedHome v2.17
[22:45:21] [Server thread/INFO]: [PermissionsBukkit] Loading PermissionsBukkit v2.4
[22:45:21] [Server thread/INFO]: **** Beginning UUID conversion, this may take A LONG time ****
[22:45:21] [Server thread/INFO]: Preparing level "world"
[22:45:21] [Server thread/INFO]: -------- World Settings For [world] --------
[22:45:21] [Server thread/INFO]: View Distance: 10
[22:45:21] [Server thread/INFO]: Experience Merge Radius: 3.0
[22:45:21] [Server thread/INFO]: Chunks to Grow per Tick: 650
[22:45:21] [Server thread/INFO]: Clear tick list: false
[22:45:21] [Server thread/INFO]: Arrow Despawn Rate: 1200
[22:45:21] [Server thread/INFO]: Zombie Aggressive Towards Villager: true
[22:45:21] [Server thread/INFO]: Item Despawn Rate: 6000
[22:45:21] [Server thread/INFO]: Allow Zombie Pigmen to spawn from portal blocks: true
[22:45:21] [Server thread/INFO]: Item Merge Radius: 2.5
[22:45:21] [Server thread/INFO]: Mob Spawn Range: 4
[22:45:21] [Server thread/INFO]: Anti X-Ray: true
[22:45:21] [Server thread/INFO]: 	Engine Mode: 1
[22:45:21] [Server thread/INFO]: 	Hidden Blocks: [14, 15, 16, 21, 48, 49, 54, 56, 73, 74, 82, 129, 130]
[22:45:21] [Server thread/INFO]: 	Replace Blocks: [1, 5]
[22:45:21] [Server thread/INFO]: Entity Tracking Range: Pl 48 / An 48 / Mo 48 / Mi 32 / Other 64
[22:45:21] [Server thread/INFO]: Random Lighting Updates: false
[22:45:21] [Server thread/INFO]: Structure Info Saving: true
[22:45:21] [Server thread/INFO]: Max TNT Explosions: 100
[22:45:21] [Server thread/INFO]: Alternative Hopper Ticking: false
[22:45:21] [Server thread/INFO]: Hopper Transfer: 8 Hopper Check: 8 Hopper Amount: 1
[22:45:21] [Server thread/INFO]: Cactus Growth Modifier: 100%
[22:45:21] [Server thread/INFO]: Cane Growth Modifier: 100%
[22:45:21] [Server thread/INFO]: Melon Growth Modifier: 100%
[22:45:21] [Server thread/INFO]: Mushroom Growth Modifier: 100%
[22:45:21] [Server thread/INFO]: Pumpkin Growth Modifier: 100%
[22:45:21] [Server thread/INFO]: Sapling Growth Modifier: 100%
[22:45:21] [Server thread/INFO]: Wheat Growth Modifier: 100%
[22:45:21] [Server thread/INFO]: Nerfing mobs spawned from spawners: false
[22:45:21] [Server thread/INFO]: Sending up to 5 chunks per packet
[22:45:21] [Server thread/INFO]: Entity Activation Range: An 32 / Mo 32 / Mi 16
[22:45:21] [Server thread/INFO]: Max Entity Collisions: 8
[22:45:21] [Server thread/INFO]: Custom Map Seeds:  Village: 10387312 Feature: 14357617
[22:45:21] [Server thread/INFO]: Preparing start region for level 0 (Seed: -4850815359829583003)
[22:45:22] [Server thread/INFO]: [LoreLocks] Enabling LoreLocks v2.2.2.3
[22:45:22] [Server thread/INFO]: [LoreLocks] Loaded 6 locks.
[22:45:22] [Server thread/INFO]: [LoreLocks] Loaded 3 traps.
[22:45:22] [Server thread/INFO]: [LoreLocks] Loaded 4 events.
[22:45:22] [Server thread/INFO]: [LoreLocks] Loaded 0 doors.
[22:45:22] [Server thread/INFO]: [LoreLocks] Enabled LoreLocks v2.2.2.3
[22:45:22] [Server thread/INFO]: [RandomBox] Enabling RandomBox v1.6
[22:45:22] [Server thread/INFO]: [RandomBox] Loading config...
[22:45:22] [Server thread/WARN]: [RandomBox] Default system encoding may have misread config.yml from plugin jar
[22:45:22] [Server thread/INFO]: [RandomBox] Configuration loaded.
[22:45:22] [Server thread/INFO]: [BedHome] Enabling BedHome v2.17
[22:45:22] [Server thread/INFO]: [PermissionsBukkit] Enabling PermissionsBukkit v2.4
[22:45:22] [Server thread/INFO]: [PermissionsBukkit] Enabled successfully
[22:45:22] [Server thread/INFO]: Done (0.995s)! For help, type "help" or "?"
[22:45:24] [Server thread/INFO]: CONSOLE: Stopping the server..[m
[22:45:24] [Server thread/INFO]: Stopping server
[22:45:24] [Server thread/INFO]: [PermissionsBukkit] Disabling PermissionsBukkit v2.4
[22:45:24] [Server thread/INFO]: [BedHome] Disabling BedHome v2.17
[22:45:24] [Server thread/INFO]: [RandomBox] Disabling RandomBox v1.6
[22:45:24] [Server thread/INFO]: [LoreLocks] Disabling LoreLocks v2.2.2.3
[22:45:24] [Server thread/INFO]: [LoreLocks] Disabled LoreLocks v2.2.2.3
[22:45:24] [Server thread/INFO]: Saving players
[22:45:24] [Server thread/INFO]: Saving worlds
[22:45:24] [Server thread/INFO]: Saving chunks for level 'world'/Overworld
[22:45:24] [Thread-4/INFO]: Stopping server
[22:45:24] [Thread-4/INFO]: Saving players
[22:45:24] [Thread-4/INFO]: Saving worlds
[22:45:24] [Thread-4/INFO]: Saving chunks for level 'world'/Overworld
