[01:42:50] [Server thread/INFO]: Starting minecraft server version 1.7.2
[01:42:50] [Server thread/INFO]: Loading properties
[01:42:50] [Server thread/INFO]: Default game type: SURVIVAL
[01:42:50] [Server thread/INFO]: Generating keypair
[01:42:50] [Server thread/INFO]: Starting Minecraft server on 25.163.97.222:25565
[01:42:50] [Server thread/INFO]: This server is running CraftBukkit version git-Bukkit-1.7.2-R0.3-b3020jnks (MC: 1.7.2) (Implementing API version 1.7.2-R0.3)
[01:42:50] [Server thread/INFO]: [LevelHearts] Loading LevelHearts v1.2.0
[01:42:50] [Server thread/INFO]: [BKCommonLib] Loading BKCommonLib v1.57
[01:42:50] [Server thread/INFO]: [PermissionsEx] Loading PermissionsEx v1.21.3
[01:42:50] [Server thread/INFO]: [NoLagg] Loading NoLagg v1.90.4
[01:42:50] [Server thread/INFO]: [BKCommonLib] Enabling BKCommonLib v1.57
[01:42:50] [Server thread/INFO]: [BKCommonLib] BKCommonLib is running on CraftBukkit (git-Bukkit-1.7.2-R0.3-b3020jnks) : v1_7_R1 (Minecraft 1.7.2)
[01:42:50] [Server thread/INFO]: [BKCommonLib] [Network] Now using a PlayerConnection hook to provide Packet Listener and Monitor support
[01:42:50] [Server thread/INFO]: [BKCommonLib] Every feature break in Bukkit makes my feature list longer.
[01:42:50] [Server thread/INFO]: BKCommonLib version 1.57 enabled! (0.053s)
[01:42:50] [Server thread/INFO]: Preparing level "world"
[01:42:51] [Server thread/INFO]: Preparing start region for level 0 (Seed: 4693898451620475377)
[01:42:51] [Thread-7/INFO]: ----- Bukkit Auto Updater -----
[01:42:51] [Thread-7/INFO]: It appears that you're running a Beta Build, when you've specified in bukkit.yml that you prefer to run Recommended Builds.
[01:42:51] [Thread-7/INFO]: If you would like to be kept informed about new Beta Build releases, it is recommended that you change 'preferred-channel' in your bukkit.yml to 'beta'.
[01:42:51] [Thread-7/INFO]: With that set, you will be told whenever a new version is available for download, so that you can always keep up to date and secure with the latest fixes.
[01:42:51] [Thread-7/INFO]: If you would like to disable this warning, simply set 'suggest-channels' to false in bukkit.yml.
[01:42:51] [Thread-7/INFO]: ----- ------------------- -----
[01:42:51] [Server thread/INFO]: Preparing start region for level 1 (Seed: -7263888012061124272)
[01:42:51] [Server thread/INFO]: Preparing start region for level 2 (Seed: -7263888012061124272)
[01:42:52] [Server thread/INFO]: [LevelHearts] Enabling LevelHearts v1.2.0
[01:42:52] [Server thread/INFO]: [LevelHearts] Enabled successfully.
[01:42:52] [Server thread/INFO]: [PermissionsEx] Enabling PermissionsEx v1.21.3
[01:42:52] [Server thread/INFO]: [PermissionsEx] Initializing file backend
[01:42:52] [Server thread/INFO]: [PermissionsEx] Permissions file successfully reloaded
[01:42:52] [Server thread/INFO]: [NoLagg] Enabling NoLagg v1.90.4
[01:42:52] [Server thread/INFO]: [NoLagg Saving] will write world data to all region files every 12000 ticks (10.0 minutes)
[01:42:52] [Server thread/INFO]: NoLagg version 1.90.4 enabled! (0.125s)
[01:42:52] [Server thread/INFO]: Server permissions file permissions.yml is empty, ignoring it
[01:42:52] [Server thread/INFO]: Done (1.407s)! For help, type "help" or "?"
[01:42:52] [Thread-10/WARN]: [PermissionsEx] An update to PermissionsEx version 1.22.1 is available to download from http://dev.bukkit.org/bukkit-plugins/permissionsex/. Please review the changes and update as soon as possible!
[01:43:00] [User Authenticator #1/INFO]: UUID of player thudog77 is 1242482dc50e44fa9556fe1d25921ed7
[01:43:00] [Server thread/INFO]: thudog77[/25.163.97.222:53759] logged in with entity id 395 at ([world] 263.55082417479275, 68.0, 173.67137962710808)
[01:43:04] [Server thread/INFO]: thudog77 issued server command: /gamemode 0
[01:43:04] [Server thread/INFO]: thudog77: Set own game mode to SURVIVAL mode[m
[01:43:06] [Server thread/INFO]: thudog77 issued server command: /gamemode 1
[01:43:06] [Server thread/INFO]: thudog77: Set own game mode to CREATIVE mode[m
[01:43:17] [Server thread/INFO]: thudog77 issued server command: /gamemode 0
[01:43:17] [Server thread/INFO]: thudog77: Set own game mode to SURVIVAL mode[m
[01:43:19] [Server thread/INFO]: thudog77 fell from a high place
[01:43:28] [Server thread/INFO]: thudog77 issued server command: /gamemode 1
[01:43:28] [Server thread/INFO]: thudog77: Set own game mode to CREATIVE mode[m
[01:43:30] [Server thread/INFO]: thudog77 issued server command: /time set 0
[01:43:30] [Server thread/INFO]: thudog77: Set time to 0[m
[01:43:45] [Server thread/INFO]: thudog77 issued server command: /gamemode 0
[01:43:45] [Server thread/INFO]: thudog77: Set own game mode to SURVIVAL mode[m
[01:43:46] [Server thread/INFO]: thudog77 issued server command: /exp
[01:43:49] [Server thread/INFO]: thudog77 issued server command: /xp
[01:44:01] [Server thread/INFO]: thudog77 issued server command: /xp 5000 thudog77
[01:44:01] [Server thread/INFO]: thudog77: Given 5000 experience to thudog77[m
[01:44:12] [Server thread/INFO]: thudog77 issued server command: /gamemode 1
[01:44:12] [Server thread/INFO]: thudog77: Set own game mode to CREATIVE mode[m
[01:44:19] [Server thread/INFO]: thudog77 issued server command: /gamemode 0
[01:44:19] [Server thread/INFO]: thudog77: Set own game mode to SURVIVAL mode[m
[01:44:21] [Server thread/INFO]: thudog77 fell from a high place
[01:44:38] [Server thread/INFO]: thudog77 issued server command: /gamemode 1
[01:44:38] [Server thread/INFO]: thudog77: Set own game mode to CREATIVE mode[m
[01:44:46] [Server thread/INFO]: thudog77 issued server command: /gamemode 0
[01:44:46] [Server thread/INFO]: thudog77: Set own game mode to SURVIVAL mode[m
[01:44:48] [Server thread/INFO]: thudog77 fell from a high place
[01:45:05] [Server thread/INFO]: thudog77 issued server command: /xp 500 thudog77
[01:45:05] [Server thread/INFO]: thudog77: Given 500 experience to thudog77[m
[01:45:13] [Server thread/INFO]: thudog77 issued server command: /kill
[01:45:13] [Server thread/INFO]: thudog77 died
[01:45:17] [Server thread/INFO]: thudog77 issued server command: /kill
[01:45:17] [Server thread/INFO]: thudog77 died
[01:45:46] [Server thread/INFO]: thudog77 issued server command: /xp 10 thudog77
[01:45:46] [Server thread/INFO]: thudog77: Given 10 experience to thudog77[m
[01:45:53] [Server thread/INFO]: thudog77 issued server command: /xp 90 thudog77
[01:45:53] [Server thread/INFO]: thudog77: Given 90 experience to thudog77[m
[01:45:59] [Netty IO #2/INFO]: <thudog77> 100[m
[01:46:05] [Server thread/INFO]: thudog77 issued server command: /xp 100 thudog77
[01:46:05] [Server thread/INFO]: thudog77: Given 100 experience to thudog77[m
[01:46:14] [Netty IO #2/INFO]: <thudog77> 200[m
[01:46:33] [Server thread/INFO]: thudog77 lost connection: Disconnected
[01:46:33] [Server thread/INFO]: thudog77 left the game.
[01:46:37] [Server thread/INFO]: CONSOLE: Stopping the server..[m
[01:46:37] [Server thread/INFO]: Stopping server
[01:46:37] [Server thread/INFO]: [NoLagg] Disabling NoLagg v1.90.4
[01:46:37] [Server thread/INFO]: NoLagg disabled!
[01:46:37] [Server thread/INFO]: [PermissionsEx] Disabling PermissionsEx v1.21.3
[01:46:37] [Server thread/INFO]: [BKCommonLib] Disabling BKCommonLib v1.57
[01:46:37] [Server thread/INFO]: [LevelHearts] Disabling LevelHearts v1.2.0
[01:46:37] [Server thread/INFO]: [LevelHearts] Disabled successfully.
[01:46:37] [Server thread/INFO]: Saving players
[01:46:37] [Server thread/INFO]: Saving worlds
[01:46:37] [Server thread/INFO]: Saving chunks for level 'world'/Overworld
[01:46:37] [Server thread/INFO]: Saving chunks for level 'world_nether'/Nether
[01:46:37] [Server thread/INFO]: Saving chunks for level 'world_the_end'/The End
[01:46:37] [Thread-4/INFO]: Stopping server
[01:46:37] [Thread-4/INFO]: Saving players
[01:46:37] [Thread-4/INFO]: Saving worlds
[01:46:37] [Thread-4/INFO]: Saving chunks for level 'world'/Overworld
